<?xml version="1.0" encoding="UTF-8"?>
<testng-results ignored="0" total="1" passed="1" failed="0" skipped="0">
  <reporter-output>
  </reporter-output>
  <suite started-at="2024-02-29T01:11:55 IST" name="Default suite" finished-at="2024-02-29T01:12:02 IST" duration-ms="7179">
    <groups>
    </groups>
    <test started-at="2024-02-29T01:11:55 IST" name="Default test" finished-at="2024-02-29T01:12:02 IST" duration-ms="7179">
      <class name="AssignmentCaw.AutomationProject.BaseClass">
        <test-method is-config="true" signature="setup()[pri:0, instance:AssignmentCaw.AutomationProject.BaseClass@1500b2f3]" started-at="2024-02-29T01:11:55 IST" name="setup" finished-at="2024-02-29T01:12:00 IST" duration-ms="4964" status="PASS">
          <reporter-output>
          </reporter-output>
        </test-method> <!-- setup -->
        <test-method signature="insertData(java.lang.String)[pri:0, instance:AssignmentCaw.AutomationProject.BaseClass@1500b2f3]" started-at="2024-02-29T01:12:00 IST" name="insertData" data-provider="jsonParsing" finished-at="2024-02-29T01:12:02 IST" duration-ms="2035" status="PASS">
          <params>
            <param index="0">
              <value>
                <![CDATA[[{"name" : "Bob", "age" : 20, "gender": "male"}, {"name": "George", "age" : 42, "gender": "male"}, {"name":
"Sara", "age" : 42, "gender": "female"}, {"name": "Conor", "age" : 40, "gender": "male"}, {"name":
"Jennifer", "age" : 42, "gender": "female"}]]]>
              </value>
            </param>
          </params>
          <reporter-output>
          </reporter-output>
        </test-method> <!-- insertData -->
        <test-method is-config="true" signature="tearDown()[pri:0, instance:AssignmentCaw.AutomationProject.BaseClass@1500b2f3]" started-at="2024-02-29T01:12:02 IST" name="tearDown" finished-at="2024-02-29T01:12:02 IST" duration-ms="131" status="PASS">
          <reporter-output>
          </reporter-output>
        </test-method> <!-- tearDown -->
      </class> <!-- AssignmentCaw.AutomationProject.BaseClass -->
    </test> <!-- Default test -->
  </suite> <!-- Default suite -->
</testng-results>
